2025-03-23 15:08:46,737 - BecasExtractor - INFO - Se encontraron 5 archivos para procesar
2025-03-23 15:08:46,738 - BecasExtractor - INFO - Procesando archivo: ayudas_20-21_text.txt
2025-03-23 15:08:46,747 - BecasExtractor - WARNING - El archivo ayudas_20-21_text.txt no contiene datos válidos de convocatoria de becas
2025-03-23 15:08:46,749 - BecasExtractor - INFO - Procesando archivo: ayudas_21-22_text.txt
2025-03-23 15:08:46,823 - BecasExtractor - INFO - Extracción exitosa para: ayudas_21-22_text.txt
2025-03-23 15:08:46,823 - BecasExtractor - INFO - Procesando archivo: ayudas_22-23_text.txt
2025-03-23 15:08:46,862 - BecasExtractor - INFO - Extracción exitosa para: ayudas_22-23_text.txt
2025-03-23 15:08:46,863 - BecasExtractor - INFO - Procesando archivo: ayudas_23-24_text.txt
2025-03-23 15:08:46,918 - BecasExtractor - INFO - Extracción exitosa para: ayudas_23-24_text.txt
2025-03-23 15:08:46,918 - BecasExtractor - INFO - Procesando archivo: ayudas_24-25_text.txt
2025-03-23 15:08:46,960 - BecasExtractor - INFO - Extracción exitosa para: ayudas_24-25_text.txt
2025-03-23 15:08:46,981 - BecasExtractor - INFO - Procesamiento completado:
2025-03-23 15:08:46,983 - BecasExtractor - INFO - - Documentos procesados: 4
2025-03-23 15:08:46,985 - BecasExtractor - INFO - - Resultados guardados en: ./output\becas_datos.json
2025-03-23 15:08:46,987 - BecasExtractor - INFO - - Resumen generado en: ./output\becas_resumen.md
2025-03-23 15:16:03,984 - BecasExtractor - INFO - Se encontraron 5 archivos para procesar
2025-03-23 15:16:03,984 - BecasExtractor - INFO - Procesando archivo: ayudas_20-21_text.txt
2025-03-23 15:16:03,986 - BecasExtractor - WARNING - El archivo ayudas_20-21_text.txt no contiene datos válidos de convocatoria de becas
2025-03-23 15:16:03,986 - BecasExtractor - INFO - Procesando archivo: ayudas_21-22_text.txt
2025-03-23 15:16:04,002 - BecasExtractor - INFO - Extracción exitosa para: ayudas_21-22_text.txt
2025-03-23 15:16:04,003 - BecasExtractor - INFO - Procesando archivo: ayudas_22-23_text.txt
2025-03-23 15:16:04,015 - BecasExtractor - INFO - Extracción exitosa para: ayudas_22-23_text.txt
2025-03-23 15:16:04,015 - BecasExtractor - INFO - Procesando archivo: ayudas_23-24_text.txt
2025-03-23 15:16:04,026 - BecasExtractor - INFO - Extracción exitosa para: ayudas_23-24_text.txt
2025-03-23 15:16:04,027 - BecasExtractor - INFO - Procesando archivo: ayudas_24-25_text.txt
2025-03-23 15:16:04,039 - BecasExtractor - INFO - Extracción exitosa para: ayudas_24-25_text.txt
2025-03-23 15:16:46,823 - BecasExtractor - INFO - Se encontraron 5 archivos para procesar
2025-03-23 15:16:46,824 - BecasExtractor - INFO - Procesando archivo: ayudas_20-21_text.txt
2025-03-23 15:16:46,827 - BecasExtractor - WARNING - El archivo ayudas_20-21_text.txt no contiene datos válidos de convocatoria de becas
2025-03-23 15:16:46,828 - BecasExtractor - INFO - Procesando archivo: ayudas_21-22_text.txt
2025-03-23 15:16:46,853 - BecasExtractor - INFO - Extracción exitosa para: ayudas_21-22_text.txt
2025-03-23 15:16:46,853 - BecasExtractor - INFO - Procesando archivo: ayudas_22-23_text.txt
2025-03-23 15:16:46,874 - BecasExtractor - INFO - Extracción exitosa para: ayudas_22-23_text.txt
2025-03-23 15:16:46,874 - BecasExtractor - INFO - Procesando archivo: ayudas_23-24_text.txt
2025-03-23 15:16:46,892 - BecasExtractor - INFO - Extracción exitosa para: ayudas_23-24_text.txt
2025-03-23 15:16:46,893 - BecasExtractor - INFO - Procesando archivo: ayudas_24-25_text.txt
2025-03-23 15:16:46,908 - BecasExtractor - INFO - Extracción exitosa para: ayudas_24-25_text.txt
2025-03-23 15:16:46,915 - BecasExtractor - INFO - Procesamiento completado:
2025-03-23 15:16:46,915 - BecasExtractor - INFO - - Documentos procesados: 4
2025-03-23 15:16:46,916 - BecasExtractor - INFO - - Resultados guardados en: ./output\becas_datos.json
2025-03-23 15:16:46,916 - BecasExtractor - INFO - - Resumen general generado en: ./output\becas_resumen.md
2025-03-23 15:16:46,916 - BecasExtractor - INFO - - Resúmenes individuales generados:
2025-03-23 15:16:46,917 - BecasExtractor - INFO -   1. ./output\beca_1.md
2025-03-23 15:16:46,917 - BecasExtractor - INFO -   2. ./output\beca_2.md
2025-03-23 15:16:46,917 - BecasExtractor - INFO -   3. ./output\beca_3.md
2025-03-23 15:16:46,918 - BecasExtractor - INFO -   4. ./output\beca_4.md
2025-03-23 16:14:11,048 - BecasExtractor - INFO - Se encontraron 11 archivos para procesar
2025-03-23 16:14:11,049 - BecasExtractor - INFO - Procesando archivo: ayudas_20-21.pdf
2025-03-23 16:14:12,757 - BecasExtractor - ERROR - Error al procesar ayudas_20-21.pdf: PdfFileReader is deprecated and was removed in PyPDF2 3.0.0. Use PdfReader instead.
2025-03-23 16:14:12,758 - BecasExtractor - INFO - Procesando archivo: ayudas_20-21_text.txt
2025-03-23 16:14:12,761 - BecasExtractor - WARNING - El archivo ayudas_20-21_text.txt no contiene datos válidos de convocatoria de becas
2025-03-23 16:14:12,761 - BecasExtractor - INFO - Procesando archivo: ayudas_21-22.pdf
2025-03-23 16:14:12,762 - BecasExtractor - ERROR - Error al procesar ayudas_21-22.pdf: PdfFileReader is deprecated and was removed in PyPDF2 3.0.0. Use PdfReader instead.
2025-03-23 16:14:12,762 - BecasExtractor - INFO - Procesando archivo: ayudas_21-22_text.txt
2025-03-23 16:14:12,783 - BecasExtractor - INFO - Extracción exitosa para: ayudas_21-22_text.txt
2025-03-23 16:14:12,784 - BecasExtractor - INFO - Procesando archivo: ayudas_22-23.pdf
2025-03-23 16:14:12,803 - BecasExtractor - ERROR - Error al procesar ayudas_22-23.pdf: PdfFileReader is deprecated and was removed in PyPDF2 3.0.0. Use PdfReader instead.
2025-03-23 16:14:12,803 - BecasExtractor - INFO - Procesando archivo: ayudas_22-23_text.txt
2025-03-23 16:14:12,822 - BecasExtractor - INFO - Extracción exitosa para: ayudas_22-23_text.txt
2025-03-23 16:14:12,822 - BecasExtractor - INFO - Procesando archivo: ayudas_23-24.pdf
2025-03-23 16:14:12,839 - BecasExtractor - ERROR - Error al procesar ayudas_23-24.pdf: PdfFileReader is deprecated and was removed in PyPDF2 3.0.0. Use PdfReader instead.
2025-03-23 16:14:12,840 - BecasExtractor - INFO - Procesando archivo: ayudas_23-24_text.txt
2025-03-23 16:14:12,854 - BecasExtractor - INFO - Extracción exitosa para: ayudas_23-24_text.txt
2025-03-23 16:14:12,854 - BecasExtractor - INFO - Procesando archivo: ayudas_24-25.pdf
2025-03-23 16:14:12,871 - BecasExtractor - ERROR - Error al procesar ayudas_24-25.pdf: PdfFileReader is deprecated and was removed in PyPDF2 3.0.0. Use PdfReader instead.
2025-03-23 16:14:12,872 - BecasExtractor - INFO - Procesando archivo: ayudas_24-25_text.txt
2025-03-23 16:14:12,885 - BecasExtractor - INFO - Extracción exitosa para: ayudas_24-25_text.txt
2025-03-23 16:14:12,885 - BecasExtractor - INFO - Procesando archivo: extraer.txt
2025-03-23 16:14:12,900 - BecasExtractor - INFO - Extracción exitosa para: extraer.txt
2025-03-23 16:14:12,913 - BecasExtractor - INFO - Procesamiento completado:
2025-03-23 16:14:12,913 - BecasExtractor - INFO - - Documentos procesados: 5
2025-03-23 16:14:12,913 - BecasExtractor - INFO - - Resultados guardados en: ./output\becas_datos.json
2025-03-23 16:14:12,915 - BecasExtractor - INFO - - Resumen general generado en: ./output\becas_resumen.md
2025-03-23 16:14:12,915 - BecasExtractor - INFO - - Resúmenes individuales generados:
2025-03-23 16:14:12,915 - BecasExtractor - INFO -   1. ./output\beca_1.md
2025-03-23 16:14:12,916 - BecasExtractor - INFO -   2. ./output\beca_2.md
2025-03-23 16:14:12,916 - BecasExtractor - INFO -   3. ./output\beca_3.md
2025-03-23 16:14:12,917 - BecasExtractor - INFO -   4. ./output\beca_4.md
2025-03-23 16:14:12,917 - BecasExtractor - INFO -   5. ./output\beca_5.md
2025-03-23 16:17:12,509 - BecasExtractor - INFO - Se encontraron 5 archivos para procesar
2025-03-23 16:17:12,510 - BecasExtractor - INFO - Procesando archivo: ayudas_20-21.pdf
2025-03-23 16:17:12,848 - BecasExtractor - ERROR - Error al procesar ayudas_20-21.pdf: PdfFileReader is deprecated and was removed in PyPDF2 3.0.0. Use PdfReader instead.
2025-03-23 16:17:12,848 - BecasExtractor - INFO - Procesando archivo: ayudas_21-22.pdf
2025-03-23 16:17:12,849 - BecasExtractor - ERROR - Error al procesar ayudas_21-22.pdf: PdfFileReader is deprecated and was removed in PyPDF2 3.0.0. Use PdfReader instead.
2025-03-23 16:17:12,849 - BecasExtractor - INFO - Procesando archivo: ayudas_22-23.pdf
2025-03-23 16:17:12,850 - BecasExtractor - ERROR - Error al procesar ayudas_22-23.pdf: PdfFileReader is deprecated and was removed in PyPDF2 3.0.0. Use PdfReader instead.
2025-03-23 16:17:12,850 - BecasExtractor - INFO - Procesando archivo: ayudas_23-24.pdf
2025-03-23 16:17:12,850 - BecasExtractor - ERROR - Error al procesar ayudas_23-24.pdf: PdfFileReader is deprecated and was removed in PyPDF2 3.0.0. Use PdfReader instead.
2025-03-23 16:17:12,850 - BecasExtractor - INFO - Procesando archivo: ayudas_24-25.pdf
2025-03-23 16:17:12,851 - BecasExtractor - ERROR - Error al procesar ayudas_24-25.pdf: PdfFileReader is deprecated and was removed in PyPDF2 3.0.0. Use PdfReader instead.
2025-03-23 16:17:12,853 - BecasExtractor - INFO - Procesamiento completado:
2025-03-23 16:17:12,853 - BecasExtractor - INFO - - Documentos procesados: 0
2025-03-23 16:17:12,853 - BecasExtractor - INFO - - Resultados guardados en: ./output\becas_datos.json
2025-03-23 16:17:12,853 - BecasExtractor - INFO - - Resumen general generado en: ./output\becas_resumen.md
2025-03-23 16:17:12,854 - BecasExtractor - INFO - - Resúmenes individuales generados:
2025-03-23 16:21:32,915 - BecasExtractor - INFO - Se encontraron 5 archivos para procesar
2025-03-23 16:21:32,916 - BecasExtractor - INFO - Procesando archivo: ayudas_20-21.pdf
2025-03-23 16:21:33,352 - BecasExtractor - WARNING - El archivo ayudas_20-21.pdf no contiene datos válidos de convocatoria de becas
2025-03-23 16:21:33,353 - BecasExtractor - INFO - Procesando archivo: ayudas_21-22.pdf
2025-03-23 16:21:34,639 - BecasExtractor - INFO - Extracción exitosa para: ayudas_21-22.pdf
2025-03-23 16:21:34,640 - BecasExtractor - INFO - Procesando archivo: ayudas_22-23.pdf
2025-03-23 16:21:36,008 - BecasExtractor - INFO - Extracción exitosa para: ayudas_22-23.pdf
2025-03-23 16:21:36,008 - BecasExtractor - INFO - Procesando archivo: ayudas_23-24.pdf
2025-03-23 16:21:37,860 - BecasExtractor - INFO - Extracción exitosa para: ayudas_23-24.pdf
2025-03-23 16:21:37,860 - BecasExtractor - INFO - Procesando archivo: ayudas_24-25.pdf
2025-03-23 16:21:39,702 - BecasExtractor - INFO - Extracción exitosa para: ayudas_24-25.pdf
2025-03-23 16:21:39,709 - BecasExtractor - INFO - Procesamiento completado:
2025-03-23 16:21:39,711 - BecasExtractor - INFO - - Documentos procesados: 4
2025-03-23 16:21:39,711 - BecasExtractor - INFO - - Resultados guardados en: ./output\becas_datos.json
2025-03-23 16:21:39,711 - BecasExtractor - INFO - - Resumen general generado en: ./output\becas_resumen.md
2025-03-23 16:21:39,712 - BecasExtractor - INFO - - Resúmenes individuales generados:
2025-03-23 16:21:39,712 - BecasExtractor - INFO -   1. ./output\beca_1.md
2025-03-23 16:21:39,713 - BecasExtractor - INFO -   2. ./output\beca_2.md
2025-03-23 16:21:39,713 - BecasExtractor - INFO -   3. ./output\beca_3.md
2025-03-23 16:21:39,713 - BecasExtractor - INFO -   4. ./output\beca_4.md
